  BlankProject.cpp
C:\Users\onyx0\Documents\RenderKing3D\RenderKing\Source\Platform\Windows32\SubObject.h(20,16): warning C4251: 'Win32::SubObject::m_Class': class 'std::basic_string<wchar_t,std::char_traits<wchar_t>,std::allocator<wchar_t>>' needs to have dll-interface to be used by clients of class 'Win32::SubObject'
C:\Program Files\Microsoft Visual Studio\2022\Community\VC\Tools\MSVC\14.33.31629\include\xstring(5187): message : see declaration of 'std::basic_string<wchar_t,std::char_traits<wchar_t>,std::allocator<wchar_t>>'
C:\Users\onyx0\Documents\RenderKing3D\RenderKing\Source\Platform\Windows32\SubObject.h(21,16): warning C4251: 'Win32::SubObject::m_Title': class 'std::basic_string<wchar_t,std::char_traits<wchar_t>,std::allocator<wchar_t>>' needs to have dll-interface to be used by clients of class 'Win32::SubObject'
C:\Program Files\Microsoft Visual Studio\2022\Community\VC\Tools\MSVC\14.33.31629\include\xstring(5187): message : see declaration of 'std::basic_string<wchar_t,std::char_traits<wchar_t>,std::allocator<wchar_t>>'
C:\Users\onyx0\Documents\RenderKing3D\RenderKing\Source\Platform\Windows32\Caption.h(30,29): warning C4251: 'Win32::Caption::m_CaptionButtons': class 'std::list<Win32::Caption::CaptionButton *,std::allocator<Win32::Caption::CaptionButton *>>' needs to have dll-interface to be used by clients of class 'Win32::Caption'
C:\Users\onyx0\Documents\RenderKing3D\RenderKing\Source\Platform\Windows32\Caption.h(30): message : see declaration of 'std::list<Win32::Caption::CaptionButton *,std::allocator<Win32::Caption::CaptionButton *>>'
C:\Users\onyx0\Documents\RenderKing3D\RenderKing\Source\Renderer\d3dxContext.h(47,41): warning C4251: 'Renderer::d3dxContext::mdxgiFactory': class 'Microsoft::WRL::ComPtr<IDXGIFactory4>' needs to have dll-interface to be used by clients of class 'Renderer::d3dxContext'
C:\Users\onyx0\Documents\RenderKing3D\RenderKing\Source\Renderer\d3dxContext.h(47): message : see declaration of 'Microsoft::WRL::ComPtr<IDXGIFactory4>'
C:\Users\onyx0\Documents\RenderKing3D\RenderKing\Source\Renderer\d3dxContext.h(48,42): warning C4251: 'Renderer::d3dxContext::mSwapChain': class 'Microsoft::WRL::ComPtr<IDXGISwapChain>' needs to have dll-interface to be used by clients of class 'Renderer::d3dxContext'
C:\Users\onyx0\Documents\RenderKing3D\RenderKing\Source\Renderer\d3dxContext.h(48): message : see declaration of 'Microsoft::WRL::ComPtr<IDXGISwapChain>'
C:\Users\onyx0\Documents\RenderKing3D\RenderKing\Source\Renderer\d3dxContext.h(49,40): warning C4251: 'Renderer::d3dxContext::md3dDevice': class 'Microsoft::WRL::ComPtr<ID3D12Device>' needs to have dll-interface to be used by clients of class 'Renderer::d3dxContext'
C:\Users\onyx0\Documents\RenderKing3D\RenderKing\Source\Renderer\d3dxContext.h(49): message : see declaration of 'Microsoft::WRL::ComPtr<ID3D12Device>'
C:\Users\onyx0\Documents\RenderKing3D\RenderKing\Source\Renderer\d3dxContext.h(51,39): warning C4251: 'Renderer::d3dxContext::mFence': class 'Microsoft::WRL::ComPtr<ID3D12Fence>' needs to have dll-interface to be used by clients of class 'Renderer::d3dxContext'
C:\Users\onyx0\Documents\RenderKing3D\RenderKing\Source\Renderer\d3dxContext.h(51): message : see declaration of 'Microsoft::WRL::ComPtr<ID3D12Fence>'
C:\Users\onyx0\Documents\RenderKing3D\RenderKing\Source\Renderer\d3dxContext.h(54,46): warning C4251: 'Renderer::d3dxContext::mCommandQueue': class 'Microsoft::WRL::ComPtr<ID3D12CommandQueue>' needs to have dll-interface to be used by clients of class 'Renderer::d3dxContext'
C:\Users\onyx0\Documents\RenderKing3D\RenderKing\Source\Renderer\d3dxContext.h(54): message : see declaration of 'Microsoft::WRL::ComPtr<ID3D12CommandQueue>'
C:\Users\onyx0\Documents\RenderKing3D\RenderKing\Source\Renderer\d3dxContext.h(55,50): warning C4251: 'Renderer::d3dxContext::mDirectCmdListAlloc': class 'Microsoft::WRL::ComPtr<ID3D12CommandAllocator>' needs to have dll-interface to be used by clients of class 'Renderer::d3dxContext'
C:\Users\onyx0\Documents\RenderKing3D\RenderKing\Source\Renderer\d3dxContext.h(55): message : see declaration of 'Microsoft::WRL::ComPtr<ID3D12CommandAllocator>'
C:\Users\onyx0\Documents\RenderKing3D\RenderKing\Source\Renderer\d3dxContext.h(56,53): warning C4251: 'Renderer::d3dxContext::mCommandList': class 'Microsoft::WRL::ComPtr<ID3D12GraphicsCommandList>' needs to have dll-interface to be used by clients of class 'Renderer::d3dxContext'
C:\Users\onyx0\Documents\RenderKing3D\RenderKing\Source\Renderer\d3dxContext.h(56): message : see declaration of 'Microsoft::WRL::ComPtr<ID3D12GraphicsCommandList>'
C:\Users\onyx0\Documents\RenderKing3D\RenderKing\Source\Renderer\d3dxContext.h(60,42): warning C4251: 'Renderer::d3dxContext::mSwapChainBuffer': class 'Microsoft::WRL::ComPtr<ID3D12Resource>' needs to have dll-interface to be used by clients of class 'Renderer::d3dxContext'
C:\Users\onyx0\Documents\RenderKing3D\RenderKing\Source\Renderer\DDSTextureLoader.h(72): message : see declaration of 'Microsoft::WRL::ComPtr<ID3D12Resource>'
C:\Users\onyx0\Documents\RenderKing3D\RenderKing\Source\Renderer\d3dxContext.h(61,42): warning C4251: 'Renderer::d3dxContext::mDepthStencilBuffer': class 'Microsoft::WRL::ComPtr<ID3D12Resource>' needs to have dll-interface to be used by clients of class 'Renderer::d3dxContext'
C:\Users\onyx0\Documents\RenderKing3D\RenderKing\Source\Renderer\DDSTextureLoader.h(72): message : see declaration of 'Microsoft::WRL::ComPtr<ID3D12Resource>'
C:\Users\onyx0\Documents\RenderKing3D\RenderKing\Source\Renderer\d3dxContext.h(63,48): warning C4251: 'Renderer::d3dxContext::mRtvHeap': class 'Microsoft::WRL::ComPtr<ID3D12DescriptorHeap>' needs to have dll-interface to be used by clients of class 'Renderer::d3dxContext'
C:\Users\onyx0\Documents\RenderKing3D\RenderKing\Source\Renderer\d3dxContext.h(63): message : see declaration of 'Microsoft::WRL::ComPtr<ID3D12DescriptorHeap>'
C:\Users\onyx0\Documents\RenderKing3D\RenderKing\Source\Renderer\d3dxContext.h(64,48): warning C4251: 'Renderer::d3dxContext::mDsvHeap': class 'Microsoft::WRL::ComPtr<ID3D12DescriptorHeap>' needs to have dll-interface to be used by clients of class 'Renderer::d3dxContext'
C:\Users\onyx0\Documents\RenderKing3D\RenderKing\Source\Renderer\d3dxContext.h(63): message : see declaration of 'Microsoft::WRL::ComPtr<ID3D12DescriptorHeap>'
  BlankProject.vcxproj -> C:\Users\onyx0\Documents\RenderKing3D\Build\Debug\BlankProject.exe
