  Timer.cpp
C:\Users\onyx0\Documents\RenderKing3D\RenderKing\Source\Platform\Windows32\SubObject.h(20,16): warning C4251: 'Win32::SubObject::m_Class': class 'std::basic_string<wchar_t,std::char_traits<wchar_t>,std::allocator<wchar_t>>' needs to have dll-interface to be used by clients of class 'Win32::SubObject'
C:\Program Files\Microsoft Visual Studio\2022\Community\VC\Tools\MSVC\14.33.31629\include\xstring(5187): message : see declaration of 'std::basic_string<wchar_t,std::char_traits<wchar_t>,std::allocator<wchar_t>>'
C:\Users\onyx0\Documents\RenderKing3D\RenderKing\Source\Platform\Windows32\SubObject.h(21,16): warning C4251: 'Win32::SubObject::m_Title': class 'std::basic_string<wchar_t,std::char_traits<wchar_t>,std::allocator<wchar_t>>' needs to have dll-interface to be used by clients of class 'Win32::SubObject'
C:\Program Files\Microsoft Visual Studio\2022\Community\VC\Tools\MSVC\14.33.31629\include\xstring(5187): message : see declaration of 'std::basic_string<wchar_t,std::char_traits<wchar_t>,std::allocator<wchar_t>>'
C:\Users\onyx0\Documents\RenderKing3D\RenderKing\Source\Platform\Windows32\Caption.h(30,29): warning C4251: 'Win32::Caption::m_CaptionButtons': class 'std::list<Win32::Caption::CaptionButton *,std::allocator<Win32::Caption::CaptionButton *>>' needs to have dll-interface to be used by clients of class 'Win32::Caption'
C:\Users\onyx0\Documents\RenderKing3D\RenderKing\Source\Platform\Windows32\Caption.h(30): message : see declaration of 'std::list<Win32::Caption::CaptionButton *,std::allocator<Win32::Caption::CaptionButton *>>'
  CmdLineArgs.cpp
C:\Users\onyx0\Documents\RenderKing3D\RenderKing\Source\Platform\Windows32\SubObject.h(20,16): warning C4251: 'Win32::SubObject::m_Class': class 'std::basic_string<wchar_t,std::char_traits<wchar_t>,std::allocator<wchar_t>>' needs to have dll-interface to be used by clients of class 'Win32::SubObject'
C:\Program Files\Microsoft Visual Studio\2022\Community\VC\Tools\MSVC\14.33.31629\include\xstring(5187): message : see declaration of 'std::basic_string<wchar_t,std::char_traits<wchar_t>,std::allocator<wchar_t>>'
C:\Users\onyx0\Documents\RenderKing3D\RenderKing\Source\Platform\Windows32\SubObject.h(21,16): warning C4251: 'Win32::SubObject::m_Title': class 'std::basic_string<wchar_t,std::char_traits<wchar_t>,std::allocator<wchar_t>>' needs to have dll-interface to be used by clients of class 'Win32::SubObject'
C:\Program Files\Microsoft Visual Studio\2022\Community\VC\Tools\MSVC\14.33.31629\include\xstring(5187): message : see declaration of 'std::basic_string<wchar_t,std::char_traits<wchar_t>,std::allocator<wchar_t>>'
C:\Users\onyx0\Documents\RenderKing3D\RenderKing\Source\Platform\Windows32\Caption.h(30,29): warning C4251: 'Win32::Caption::m_CaptionButtons': class 'std::list<Win32::Caption::CaptionButton *,std::allocator<Win32::Caption::CaptionButton *>>' needs to have dll-interface to be used by clients of class 'Win32::Caption'
C:\Users\onyx0\Documents\RenderKing3D\RenderKing\Source\Platform\Windows32\Caption.h(30): message : see declaration of 'std::list<Win32::Caption::CaptionButton *,std::allocator<Win32::Caption::CaptionButton *>>'
  Logger.cpp
C:\Users\onyx0\Documents\RenderKing3D\RenderKing\Source\Platform\Windows32\SubObject.h(20,16): warning C4251: 'Win32::SubObject::m_Class': class 'std::basic_string<wchar_t,std::char_traits<wchar_t>,std::allocator<wchar_t>>' needs to have dll-interface to be used by clients of class 'Win32::SubObject'
C:\Program Files\Microsoft Visual Studio\2022\Community\VC\Tools\MSVC\14.33.31629\include\xstring(5187): message : see declaration of 'std::basic_string<wchar_t,std::char_traits<wchar_t>,std::allocator<wchar_t>>'
C:\Users\onyx0\Documents\RenderKing3D\RenderKing\Source\Platform\Windows32\SubObject.h(21,16): warning C4251: 'Win32::SubObject::m_Title': class 'std::basic_string<wchar_t,std::char_traits<wchar_t>,std::allocator<wchar_t>>' needs to have dll-interface to be used by clients of class 'Win32::SubObject'
C:\Program Files\Microsoft Visual Studio\2022\Community\VC\Tools\MSVC\14.33.31629\include\xstring(5187): message : see declaration of 'std::basic_string<wchar_t,std::char_traits<wchar_t>,std::allocator<wchar_t>>'
C:\Users\onyx0\Documents\RenderKing3D\RenderKing\Source\Platform\Windows32\Caption.h(30,29): warning C4251: 'Win32::Caption::m_CaptionButtons': class 'std::list<Win32::Caption::CaptionButton *,std::allocator<Win32::Caption::CaptionButton *>>' needs to have dll-interface to be used by clients of class 'Win32::Caption'
C:\Users\onyx0\Documents\RenderKing3D\RenderKing\Source\Platform\Windows32\Caption.h(30): message : see declaration of 'std::list<Win32::Caption::CaptionButton *,std::allocator<Win32::Caption::CaptionButton *>>'
  Core.cpp
C:\Users\onyx0\Documents\RenderKing3D\RenderKing\Source\Platform\Windows32\SubObject.h(20,16): warning C4251: 'Win32::SubObject::m_Class': class 'std::basic_string<wchar_t,std::char_traits<wchar_t>,std::allocator<wchar_t>>' needs to have dll-interface to be used by clients of class 'Win32::SubObject'
C:\Program Files\Microsoft Visual Studio\2022\Community\VC\Tools\MSVC\14.33.31629\include\xstring(5187): message : see declaration of 'std::basic_string<wchar_t,std::char_traits<wchar_t>,std::allocator<wchar_t>>'
C:\Users\onyx0\Documents\RenderKing3D\RenderKing\Source\Platform\Windows32\SubObject.h(21,16): warning C4251: 'Win32::SubObject::m_Title': class 'std::basic_string<wchar_t,std::char_traits<wchar_t>,std::allocator<wchar_t>>' needs to have dll-interface to be used by clients of class 'Win32::SubObject'
C:\Program Files\Microsoft Visual Studio\2022\Community\VC\Tools\MSVC\14.33.31629\include\xstring(5187): message : see declaration of 'std::basic_string<wchar_t,std::char_traits<wchar_t>,std::allocator<wchar_t>>'
C:\Users\onyx0\Documents\RenderKing3D\RenderKing\Source\Platform\Windows32\Caption.h(30,29): warning C4251: 'Win32::Caption::m_CaptionButtons': class 'std::list<Win32::Caption::CaptionButton *,std::allocator<Win32::Caption::CaptionButton *>>' needs to have dll-interface to be used by clients of class 'Win32::Caption'
C:\Users\onyx0\Documents\RenderKing3D\RenderKing\Source\Platform\Windows32\Caption.h(30): message : see declaration of 'std::list<Win32::Caption::CaptionButton *,std::allocator<Win32::Caption::CaptionButton *>>'
  CoreDefinitions.cpp
C:\Users\onyx0\Documents\RenderKing3D\RenderKing\Source\Platform\Windows32\SubObject.h(20,16): warning C4251: 'Win32::SubObject::m_Class': class 'std::basic_string<wchar_t,std::char_traits<wchar_t>,std::allocator<wchar_t>>' needs to have dll-interface to be used by clients of class 'Win32::SubObject'
C:\Program Files\Microsoft Visual Studio\2022\Community\VC\Tools\MSVC\14.33.31629\include\xstring(5187): message : see declaration of 'std::basic_string<wchar_t,std::char_traits<wchar_t>,std::allocator<wchar_t>>'
C:\Users\onyx0\Documents\RenderKing3D\RenderKing\Source\Platform\Windows32\SubObject.h(21,16): warning C4251: 'Win32::SubObject::m_Title': class 'std::basic_string<wchar_t,std::char_traits<wchar_t>,std::allocator<wchar_t>>' needs to have dll-interface to be used by clients of class 'Win32::SubObject'
C:\Program Files\Microsoft Visual Studio\2022\Community\VC\Tools\MSVC\14.33.31629\include\xstring(5187): message : see declaration of 'std::basic_string<wchar_t,std::char_traits<wchar_t>,std::allocator<wchar_t>>'
C:\Users\onyx0\Documents\RenderKing3D\RenderKing\Source\Platform\Windows32\Caption.h(30,29): warning C4251: 'Win32::Caption::m_CaptionButtons': class 'std::list<Win32::Caption::CaptionButton *,std::allocator<Win32::Caption::CaptionButton *>>' needs to have dll-interface to be used by clients of class 'Win32::Caption'
C:\Users\onyx0\Documents\RenderKing3D\RenderKing\Source\Platform\Windows32\Caption.h(30): message : see declaration of 'std::list<Win32::Caption::CaptionButton *,std::allocator<Win32::Caption::CaptionButton *>>'
  CoreMinimal.cpp
C:\Users\onyx0\Documents\RenderKing3D\RenderKing\Source\Platform\Windows32\SubObject.h(20,16): warning C4251: 'Win32::SubObject::m_Class': class 'std::basic_string<wchar_t,std::char_traits<wchar_t>,std::allocator<wchar_t>>' needs to have dll-interface to be used by clients of class 'Win32::SubObject'
C:\Program Files\Microsoft Visual Studio\2022\Community\VC\Tools\MSVC\14.33.31629\include\xstring(5187): message : see declaration of 'std::basic_string<wchar_t,std::char_traits<wchar_t>,std::allocator<wchar_t>>'
C:\Users\onyx0\Documents\RenderKing3D\RenderKing\Source\Platform\Windows32\SubObject.h(21,16): warning C4251: 'Win32::SubObject::m_Title': class 'std::basic_string<wchar_t,std::char_traits<wchar_t>,std::allocator<wchar_t>>' needs to have dll-interface to be used by clients of class 'Win32::SubObject'
C:\Program Files\Microsoft Visual Studio\2022\Community\VC\Tools\MSVC\14.33.31629\include\xstring(5187): message : see declaration of 'std::basic_string<wchar_t,std::char_traits<wchar_t>,std::allocator<wchar_t>>'
C:\Users\onyx0\Documents\RenderKing3D\RenderKing\Source\Platform\Windows32\Caption.h(30,29): warning C4251: 'Win32::Caption::m_CaptionButtons': class 'std::list<Win32::Caption::CaptionButton *,std::allocator<Win32::Caption::CaptionButton *>>' needs to have dll-interface to be used by clients of class 'Win32::Caption'
C:\Users\onyx0\Documents\RenderKing3D\RenderKing\Source\Platform\Windows32\Caption.h(30): message : see declaration of 'std::list<Win32::Caption::CaptionButton *,std::allocator<Win32::Caption::CaptionButton *>>'
  PerGameSettings.cpp
C:\Users\onyx0\Documents\RenderKing3D\RenderKing\Source\Platform\Windows32\SubObject.h(20,16): warning C4251: 'Win32::SubObject::m_Class': class 'std::basic_string<wchar_t,std::char_traits<wchar_t>,std::allocator<wchar_t>>' needs to have dll-interface to be used by clients of class 'Win32::SubObject'
C:\Program Files\Microsoft Visual Studio\2022\Community\VC\Tools\MSVC\14.33.31629\include\xstring(5187): message : see declaration of 'std::basic_string<wchar_t,std::char_traits<wchar_t>,std::allocator<wchar_t>>'
C:\Users\onyx0\Documents\RenderKing3D\RenderKing\Source\Platform\Windows32\SubObject.h(21,16): warning C4251: 'Win32::SubObject::m_Title': class 'std::basic_string<wchar_t,std::char_traits<wchar_t>,std::allocator<wchar_t>>' needs to have dll-interface to be used by clients of class 'Win32::SubObject'
C:\Program Files\Microsoft Visual Studio\2022\Community\VC\Tools\MSVC\14.33.31629\include\xstring(5187): message : see declaration of 'std::basic_string<wchar_t,std::char_traits<wchar_t>,std::allocator<wchar_t>>'
C:\Users\onyx0\Documents\RenderKing3D\RenderKing\Source\Platform\Windows32\Caption.h(30,29): warning C4251: 'Win32::Caption::m_CaptionButtons': class 'std::list<Win32::Caption::CaptionButton *,std::allocator<Win32::Caption::CaptionButton *>>' needs to have dll-interface to be used by clients of class 'Win32::Caption'
C:\Users\onyx0\Documents\RenderKing3D\RenderKing\Source\Platform\Windows32\Caption.h(30): message : see declaration of 'std::list<Win32::Caption::CaptionButton *,std::allocator<Win32::Caption::CaptionButton *>>'
  RKEngine.cpp
C:\Users\onyx0\Documents\RenderKing3D\RenderKing\Source\Platform\Windows32\SubObject.h(20,16): warning C4251: 'Win32::SubObject::m_Class': class 'std::basic_string<wchar_t,std::char_traits<wchar_t>,std::allocator<wchar_t>>' needs to have dll-interface to be used by clients of class 'Win32::SubObject'
C:\Program Files\Microsoft Visual Studio\2022\Community\VC\Tools\MSVC\14.33.31629\include\xstring(5187): message : see declaration of 'std::basic_string<wchar_t,std::char_traits<wchar_t>,std::allocator<wchar_t>>'
C:\Users\onyx0\Documents\RenderKing3D\RenderKing\Source\Platform\Windows32\SubObject.h(21,16): warning C4251: 'Win32::SubObject::m_Title': class 'std::basic_string<wchar_t,std::char_traits<wchar_t>,std::allocator<wchar_t>>' needs to have dll-interface to be used by clients of class 'Win32::SubObject'
C:\Program Files\Microsoft Visual Studio\2022\Community\VC\Tools\MSVC\14.33.31629\include\xstring(5187): message : see declaration of 'std::basic_string<wchar_t,std::char_traits<wchar_t>,std::allocator<wchar_t>>'
C:\Users\onyx0\Documents\RenderKing3D\RenderKing\Source\Platform\Windows32\Caption.h(30,29): warning C4251: 'Win32::Caption::m_CaptionButtons': class 'std::list<Win32::Caption::CaptionButton *,std::allocator<Win32::Caption::CaptionButton *>>' needs to have dll-interface to be used by clients of class 'Win32::Caption'
C:\Users\onyx0\Documents\RenderKing3D\RenderKing\Source\Platform\Windows32\Caption.h(30): message : see declaration of 'std::list<Win32::Caption::CaptionButton *,std::allocator<Win32::Caption::CaptionButton *>>'
  Simulation.cpp
C:\Users\onyx0\Documents\RenderKing3D\RenderKing\Source\Platform\Windows32\SubObject.h(20,16): warning C4251: 'Win32::SubObject::m_Class': class 'std::basic_string<wchar_t,std::char_traits<wchar_t>,std::allocator<wchar_t>>' needs to have dll-interface to be used by clients of class 'Win32::SubObject'
C:\Program Files\Microsoft Visual Studio\2022\Community\VC\Tools\MSVC\14.33.31629\include\xstring(5187): message : see declaration of 'std::basic_string<wchar_t,std::char_traits<wchar_t>,std::allocator<wchar_t>>'
C:\Users\onyx0\Documents\RenderKing3D\RenderKing\Source\Platform\Windows32\SubObject.h(21,16): warning C4251: 'Win32::SubObject::m_Title': class 'std::basic_string<wchar_t,std::char_traits<wchar_t>,std::allocator<wchar_t>>' needs to have dll-interface to be used by clients of class 'Win32::SubObject'
C:\Program Files\Microsoft Visual Studio\2022\Community\VC\Tools\MSVC\14.33.31629\include\xstring(5187): message : see declaration of 'std::basic_string<wchar_t,std::char_traits<wchar_t>,std::allocator<wchar_t>>'
C:\Users\onyx0\Documents\RenderKing3D\RenderKing\Source\Platform\Windows32\Caption.h(30,29): warning C4251: 'Win32::Caption::m_CaptionButtons': class 'std::list<Win32::Caption::CaptionButton *,std::allocator<Win32::Caption::CaptionButton *>>' needs to have dll-interface to be used by clients of class 'Win32::Caption'
C:\Users\onyx0\Documents\RenderKing3D\RenderKing\Source\Platform\Windows32\Caption.h(30): message : see declaration of 'std::list<Win32::Caption::CaptionButton *,std::allocator<Win32::Caption::CaptionButton *>>'
C:\Users\onyx0\Documents\RenderKing3D\RenderKing\Source\Engine\Simulation.cpp(48,3): warning C4060: switch statement contains no 'case' or 'default' labels
  SplashScreen.cpp
C:\Users\onyx0\Documents\RenderKing3D\RenderKing\Source\Platform\Windows32\SubObject.h(20,16): warning C4251: 'Win32::SubObject::m_Class': class 'std::basic_string<wchar_t,std::char_traits<wchar_t>,std::allocator<wchar_t>>' needs to have dll-interface to be used by clients of class 'Win32::SubObject'
C:\Program Files\Microsoft Visual Studio\2022\Community\VC\Tools\MSVC\14.33.31629\include\xstring(5187): message : see declaration of 'std::basic_string<wchar_t,std::char_traits<wchar_t>,std::allocator<wchar_t>>'
C:\Users\onyx0\Documents\RenderKing3D\RenderKing\Source\Platform\Windows32\SubObject.h(21,16): warning C4251: 'Win32::SubObject::m_Title': class 'std::basic_string<wchar_t,std::char_traits<wchar_t>,std::allocator<wchar_t>>' needs to have dll-interface to be used by clients of class 'Win32::SubObject'
C:\Program Files\Microsoft Visual Studio\2022\Community\VC\Tools\MSVC\14.33.31629\include\xstring(5187): message : see declaration of 'std::basic_string<wchar_t,std::char_traits<wchar_t>,std::allocator<wchar_t>>'
C:\Users\onyx0\Documents\RenderKing3D\RenderKing\Source\Platform\Windows32\Caption.h(30,29): warning C4251: 'Win32::Caption::m_CaptionButtons': class 'std::list<Win32::Caption::CaptionButton *,std::allocator<Win32::Caption::CaptionButton *>>' needs to have dll-interface to be used by clients of class 'Win32::Caption'
C:\Users\onyx0\Documents\RenderKing3D\RenderKing\Source\Platform\Windows32\Caption.h(30): message : see declaration of 'std::list<Win32::Caption::CaptionButton *,std::allocator<Win32::Caption::CaptionButton *>>'
C:\Users\onyx0\Documents\RenderKing3D\RenderKing\Source\Engine\SplashScreen.cpp(63,91): warning C4267: 'argument': conversion from 'size_t' to 'int', possible loss of data
C:\Users\onyx0\Documents\RenderKing3D\RenderKing\Source\Engine\SplashScreen.cpp(68,87): warning C4267: 'argument': conversion from 'size_t' to 'int', possible loss of data
C:\Users\onyx0\Documents\RenderKing3D\RenderKing\Source\Engine\SplashScreen.cpp(49,12): warning C4101: 'hmemdc': unreferenced local variable
C:\Users\onyx0\Documents\RenderKing3D\RenderKing\Source\Engine\SplashScreen.cpp(48,11): warning C4101: 'hbitmap': unreferenced local variable
  IApplication.cpp
C:\Users\onyx0\Documents\RenderKing3D\RenderKing\Source\Platform\Windows32\SubObject.h(20,16): warning C4251: 'Win32::SubObject::m_Class': class 'std::basic_string<wchar_t,std::char_traits<wchar_t>,std::allocator<wchar_t>>' needs to have dll-interface to be used by clients of class 'Win32::SubObject'
C:\Program Files\Microsoft Visual Studio\2022\Community\VC\Tools\MSVC\14.33.31629\include\xstring(5187): message : see declaration of 'std::basic_string<wchar_t,std::char_traits<wchar_t>,std::allocator<wchar_t>>'
C:\Users\onyx0\Documents\RenderKing3D\RenderKing\Source\Platform\Windows32\SubObject.h(21,16): warning C4251: 'Win32::SubObject::m_Title': class 'std::basic_string<wchar_t,std::char_traits<wchar_t>,std::allocator<wchar_t>>' needs to have dll-interface to be used by clients of class 'Win32::SubObject'
C:\Program Files\Microsoft Visual Studio\2022\Community\VC\Tools\MSVC\14.33.31629\include\xstring(5187): message : see declaration of 'std::basic_string<wchar_t,std::char_traits<wchar_t>,std::allocator<wchar_t>>'
C:\Users\onyx0\Documents\RenderKing3D\RenderKing\Source\Platform\Windows32\Caption.h(30,29): warning C4251: 'Win32::Caption::m_CaptionButtons': class 'std::list<Win32::Caption::CaptionButton *,std::allocator<Win32::Caption::CaptionButton *>>' needs to have dll-interface to be used by clients of class 'Win32::Caption'
C:\Users\onyx0\Documents\RenderKing3D\RenderKing\Source\Platform\Windows32\Caption.h(30): message : see declaration of 'std::list<Win32::Caption::CaptionButton *,std::allocator<Win32::Caption::CaptionButton *>>'
  SubObject.cpp
C:\Users\onyx0\Documents\RenderKing3D\RenderKing\Source\Platform\Windows32\SubObject.h(20,16): warning C4251: 'Win32::SubObject::m_Class': class 'std::basic_string<wchar_t,std::char_traits<wchar_t>,std::allocator<wchar_t>>' needs to have dll-interface to be used by clients of class 'Win32::SubObject'
C:\Program Files\Microsoft Visual Studio\2022\Community\VC\Tools\MSVC\14.33.31629\include\xstring(5187): message : see declaration of 'std::basic_string<wchar_t,std::char_traits<wchar_t>,std::allocator<wchar_t>>'
C:\Users\onyx0\Documents\RenderKing3D\RenderKing\Source\Platform\Windows32\SubObject.h(21,16): warning C4251: 'Win32::SubObject::m_Title': class 'std::basic_string<wchar_t,std::char_traits<wchar_t>,std::allocator<wchar_t>>' needs to have dll-interface to be used by clients of class 'Win32::SubObject'
C:\Program Files\Microsoft Visual Studio\2022\Community\VC\Tools\MSVC\14.33.31629\include\xstring(5187): message : see declaration of 'std::basic_string<wchar_t,std::char_traits<wchar_t>,std::allocator<wchar_t>>'
C:\Users\onyx0\Documents\RenderKing3D\RenderKing\Source\Platform\Windows32\Caption.h(30,29): warning C4251: 'Win32::Caption::m_CaptionButtons': class 'std::list<Win32::Caption::CaptionButton *,std::allocator<Win32::Caption::CaptionButton *>>' needs to have dll-interface to be used by clients of class 'Win32::Caption'
C:\Users\onyx0\Documents\RenderKing3D\RenderKing\Source\Platform\Windows32\Caption.h(30): message : see declaration of 'std::list<Win32::Caption::CaptionButton *,std::allocator<Win32::Caption::CaptionButton *>>'
  Win32Utils.cpp
C:\Users\onyx0\Documents\RenderKing3D\RenderKing\Source\Platform\Windows32\SubObject.h(20,16): warning C4251: 'Win32::SubObject::m_Class': class 'std::basic_string<wchar_t,std::char_traits<wchar_t>,std::allocator<wchar_t>>' needs to have dll-interface to be used by clients of class 'Win32::SubObject'
C:\Program Files\Microsoft Visual Studio\2022\Community\VC\Tools\MSVC\14.33.31629\include\xstring(5187): message : see declaration of 'std::basic_string<wchar_t,std::char_traits<wchar_t>,std::allocator<wchar_t>>'
C:\Users\onyx0\Documents\RenderKing3D\RenderKing\Source\Platform\Windows32\SubObject.h(21,16): warning C4251: 'Win32::SubObject::m_Title': class 'std::basic_string<wchar_t,std::char_traits<wchar_t>,std::allocator<wchar_t>>' needs to have dll-interface to be used by clients of class 'Win32::SubObject'
C:\Program Files\Microsoft Visual Studio\2022\Community\VC\Tools\MSVC\14.33.31629\include\xstring(5187): message : see declaration of 'std::basic_string<wchar_t,std::char_traits<wchar_t>,std::allocator<wchar_t>>'
C:\Users\onyx0\Documents\RenderKing3D\RenderKing\Source\Platform\Windows32\Caption.h(30,29): warning C4251: 'Win32::Caption::m_CaptionButtons': class 'std::list<Win32::Caption::CaptionButton *,std::allocator<Win32::Caption::CaptionButton *>>' needs to have dll-interface to be used by clients of class 'Win32::Caption'
C:\Users\onyx0\Documents\RenderKing3D\RenderKing\Source\Platform\Windows32\Caption.h(30): message : see declaration of 'std::list<Win32::Caption::CaptionButton *,std::allocator<Win32::Caption::CaptionButton *>>'
  Window.cpp
C:\Users\onyx0\Documents\RenderKing3D\RenderKing\Source\Platform\Windows32\SubObject.h(20,16): warning C4251: 'Win32::SubObject::m_Class': class 'std::basic_string<wchar_t,std::char_traits<wchar_t>,std::allocator<wchar_t>>' needs to have dll-interface to be used by clients of class 'Win32::SubObject'
C:\Program Files\Microsoft Visual Studio\2022\Community\VC\Tools\MSVC\14.33.31629\include\xstring(5187): message : see declaration of 'std::basic_string<wchar_t,std::char_traits<wchar_t>,std::allocator<wchar_t>>'
C:\Users\onyx0\Documents\RenderKing3D\RenderKing\Source\Platform\Windows32\SubObject.h(21,16): warning C4251: 'Win32::SubObject::m_Title': class 'std::basic_string<wchar_t,std::char_traits<wchar_t>,std::allocator<wchar_t>>' needs to have dll-interface to be used by clients of class 'Win32::SubObject'
C:\Program Files\Microsoft Visual Studio\2022\Community\VC\Tools\MSVC\14.33.31629\include\xstring(5187): message : see declaration of 'std::basic_string<wchar_t,std::char_traits<wchar_t>,std::allocator<wchar_t>>'
C:\Users\onyx0\Documents\RenderKing3D\RenderKing\Source\Platform\Windows32\Caption.h(30,29): warning C4251: 'Win32::Caption::m_CaptionButtons': class 'std::list<Win32::Caption::CaptionButton *,std::allocator<Win32::Caption::CaptionButton *>>' needs to have dll-interface to be used by clients of class 'Win32::Caption'
C:\Users\onyx0\Documents\RenderKing3D\RenderKing\Source\Platform\Windows32\Caption.h(30): message : see declaration of 'std::list<Win32::Caption::CaptionButton *,std::allocator<Win32::Caption::CaptionButton *>>'
C:\Users\onyx0\Documents\RenderKing3D\RenderKing\Source\Platform\Windows32\Window.cpp(132,105): warning C4267: 'argument': conversion from 'size_t' to 'int', possible loss of data
C:\Users\onyx0\Documents\RenderKing3D\RenderKing\Source\Platform\Windows32\Window.cpp(167,123): warning C4267: 'argument': conversion from 'size_t' to 'int', possible loss of data
  RenderKing.cpp
C:\Users\onyx0\Documents\RenderKing3D\RenderKing\Source\Platform\Windows32\SubObject.h(20,16): warning C4251: 'Win32::SubObject::m_Class': class 'std::basic_string<wchar_t,std::char_traits<wchar_t>,std::allocator<wchar_t>>' needs to have dll-interface to be used by clients of class 'Win32::SubObject'
C:\Program Files\Microsoft Visual Studio\2022\Community\VC\Tools\MSVC\14.33.31629\include\xstring(5187): message : see declaration of 'std::basic_string<wchar_t,std::char_traits<wchar_t>,std::allocator<wchar_t>>'
C:\Users\onyx0\Documents\RenderKing3D\RenderKing\Source\Platform\Windows32\SubObject.h(21,16): warning C4251: 'Win32::SubObject::m_Title': class 'std::basic_string<wchar_t,std::char_traits<wchar_t>,std::allocator<wchar_t>>' needs to have dll-interface to be used by clients of class 'Win32::SubObject'
C:\Program Files\Microsoft Visual Studio\2022\Community\VC\Tools\MSVC\14.33.31629\include\xstring(5187): message : see declaration of 'std::basic_string<wchar_t,std::char_traits<wchar_t>,std::allocator<wchar_t>>'
C:\Users\onyx0\Documents\RenderKing3D\RenderKing\Source\Platform\Windows32\Caption.h(30,29): warning C4251: 'Win32::Caption::m_CaptionButtons': class 'std::list<Win32::Caption::CaptionButton *,std::allocator<Win32::Caption::CaptionButton *>>' needs to have dll-interface to be used by clients of class 'Win32::Caption'
C:\Users\onyx0\Documents\RenderKing3D\RenderKing\Source\Platform\Windows32\Caption.h(30): message : see declaration of 'std::list<Win32::Caption::CaptionButton *,std::allocator<Win32::Caption::CaptionButton *>>'
  Caption.cpp
C:\Users\onyx0\Documents\RenderKing3D\RenderKing\Source\Platform\Windows32\SubObject.h(20,16): warning C4251: 'Win32::SubObject::m_Class': class 'std::basic_string<wchar_t,std::char_traits<wchar_t>,std::allocator<wchar_t>>' needs to have dll-interface to be used by clients of class 'Win32::SubObject'
C:\Program Files\Microsoft Visual Studio\2022\Community\VC\Tools\MSVC\14.33.31629\include\xstring(5187): message : see declaration of 'std::basic_string<wchar_t,std::char_traits<wchar_t>,std::allocator<wchar_t>>'
C:\Users\onyx0\Documents\RenderKing3D\RenderKing\Source\Platform\Windows32\SubObject.h(21,16): warning C4251: 'Win32::SubObject::m_Title': class 'std::basic_string<wchar_t,std::char_traits<wchar_t>,std::allocator<wchar_t>>' needs to have dll-interface to be used by clients of class 'Win32::SubObject'
C:\Program Files\Microsoft Visual Studio\2022\Community\VC\Tools\MSVC\14.33.31629\include\xstring(5187): message : see declaration of 'std::basic_string<wchar_t,std::char_traits<wchar_t>,std::allocator<wchar_t>>'
C:\Users\onyx0\Documents\RenderKing3D\RenderKing\Source\Platform\Windows32\Caption.h(30,29): warning C4251: 'Win32::Caption::m_CaptionButtons': class 'std::list<Win32::Caption::CaptionButton *,std::allocator<Win32::Caption::CaptionButton *>>' needs to have dll-interface to be used by clients of class 'Win32::Caption'
C:\Users\onyx0\Documents\RenderKing3D\RenderKing\Source\Platform\Windows32\Caption.h(30): message : see declaration of 'std::list<Win32::Caption::CaptionButton *,std::allocator<Win32::Caption::CaptionButton *>>'
     Creating library C:\Users\onyx0\Documents\RenderKing3D\\Build\Debug\RenderKing.lib and object C:\Users\onyx0\Documents\RenderKing3D\\Build\Debug\RenderKing.exp
  RenderKing.vcxproj -> C:\Users\onyx0\Documents\RenderKing3D\Build\Debug\RenderKing.dll
