c:\users\onyx0\documents\renderking3d\renderking\intermediate\debug\caption.obj
c:\users\onyx0\documents\renderking3d\renderking\intermediate\debug\cmdlineargs.obj
c:\users\onyx0\documents\renderking3d\renderking\intermediate\debug\core.obj
c:\users\onyx0\documents\renderking3d\renderking\intermediate\debug\coredefinitions.obj
c:\users\onyx0\documents\renderking3d\renderking\intermediate\debug\coreminimal.obj
c:\users\onyx0\documents\renderking3d\renderking\intermediate\debug\d3dx12.obj
c:\users\onyx0\documents\renderking3d\renderking\intermediate\debug\iapplication.obj
c:\users\onyx0\documents\renderking3d\renderking\intermediate\debug\logger.obj
c:\users\onyx0\documents\renderking3d\renderking\intermediate\debug\mathhelper.obj
c:\users\onyx0\documents\renderking3d\renderking\intermediate\debug\pergamesettings.obj
c:\users\onyx0\documents\renderking3d\renderking\intermediate\debug\renderking.obj
c:\users\onyx0\documents\renderking3d\renderking\intermediate\debug\rkengine.obj
c:\users\onyx0\documents\renderking3d\renderking\intermediate\debug\simulation.obj
c:\users\onyx0\documents\renderking3d\renderking\intermediate\debug\splashscreen.obj
c:\users\onyx0\documents\renderking3d\renderking\intermediate\debug\subobject.obj
c:\users\onyx0\documents\renderking3d\renderking\intermediate\debug\timer.obj
c:\users\onyx0\documents\renderking3d\renderking\intermediate\debug\win32utils.obj
c:\users\onyx0\documents\renderking3d\renderking\intermediate\debug\window.obj
c:\users\onyx0\documents\renderking3d\renderking\intermediate\debug\renderking.pch
c:\users\onyx0\documents\renderking3d\renderking\intermediate\debug\vc143.idb
c:\users\onyx0\documents\renderking3d\renderking\intermediate\debug\vc143.pdb
c:\users\onyx0\documents\renderking3d\\renderking\intermediate\debug\renderking.vcxproj.filelistabsolute.txt
c:\users\onyx0\documents\renderking3d\renderking\intermediate\debug\renderking.tlog\cl.command.1.tlog
